2021-09-18 20:06:24.636 +06:00 [INF] Application Starting up
2021-09-18 20:06:26.174 +06:00 [FTL] Application start-up failed
Autofac.Core.DependencyResolutionException: An exception was thrown while activating λ:Microsoft.Extensions.Hosting.IHostedService[] -> DataImporter.EmailWorker.Worker.
 ---> Autofac.Core.DependencyResolutionException: None of the constructors found with 'Autofac.Core.Activators.Reflection.DefaultConstructorFinder' on type 'DataImporter.EmailWorker.Worker' can be invoked with the available services and parameters:
Cannot resolve parameter 'DataImporter.Common.Utilities.IEmailService emailService' of constructor 'Void .ctor(Microsoft.Extensions.Logging.ILogger`1[DataImporter.EmailWorker.Worker], DataImporter.Common.Utilities.IEmailService)'.
   at Autofac.Core.Activators.Reflection.ReflectionActivator.GetAllBindings(ConstructorBinder[] availableConstructors, IComponentContext context, IEnumerable`1 parameters)
   at Autofac.Core.Activators.Reflection.ReflectionActivator.ActivateInstance(IComponentContext context, IEnumerable`1 parameters)
   at Autofac.Core.Activators.Reflection.ReflectionActivator.<ConfigurePipeline>b__11_0(ResolveRequestContext ctxt, Action`1 next)
   at Autofac.Core.Resolving.Middleware.DelegateMiddleware.Execute(ResolveRequestContext context, Action`1 next)
   at Autofac.Core.Resolving.Pipeline.ResolvePipelineBuilder.<>c__DisplayClass14_0.<BuildPipeline>b__1(ResolveRequestContext ctxt)
   at Autofac.Core.Resolving.Middleware.DisposalTrackingMiddleware.Execute(ResolveRequestContext context, Action`1 next)
   at Autofac.Core.Resolving.Pipeline.ResolvePipelineBuilder.<>c__DisplayClass14_0.<BuildPipeline>b__1(ResolveRequestContext ctxt)
   at Autofac.Core.Resolving.Middleware.ActivatorErrorHandlingMiddleware.Execute(ResolveRequestContext context, Action`1 next)
   --- End of inner exception stack trace ---
   at Autofac.Core.Resolving.Middleware.ActivatorErrorHandlingMiddleware.Execute(ResolveRequestContext context, Action`1 next)
   at Autofac.Core.Resolving.Pipeline.ResolvePipelineBuilder.<>c__DisplayClass14_0.<BuildPipeline>b__1(ResolveRequestContext ctxt)
   at Autofac.Core.Pipeline.ResolvePipeline.Invoke(ResolveRequestContext ctxt)
   at Autofac.Core.Resolving.Middleware.RegistrationPipelineInvokeMiddleware.Execute(ResolveRequestContext context, Action`1 next)
   at Autofac.Core.Resolving.Pipeline.ResolvePipelineBuilder.<>c__DisplayClass14_0.<BuildPipeline>b__1(ResolveRequestContext ctxt)
   at Autofac.Core.Resolving.Middleware.SharingMiddleware.Execute(ResolveRequestContext context, Action`1 next)
   at Autofac.Core.Resolving.Pipeline.ResolvePipelineBuilder.<>c__DisplayClass14_0.<BuildPipeline>b__1(ResolveRequestContext ctxt)
   at Autofac.Core.Resolving.Pipeline.ResolvePipelineBuilder.<>c__DisplayClass14_0.<BuildPipeline>b__1(ResolveRequestContext ctxt)
   at Autofac.Core.Resolving.Middleware.CircularDependencyDetectorMiddleware.Execute(ResolveRequestContext context, Action`1 next)
   at Autofac.Core.Resolving.Pipeline.ResolvePipelineBuilder.<>c__DisplayClass14_0.<BuildPipeline>b__1(ResolveRequestContext ctxt)
   at Autofac.Core.Pipeline.ResolvePipeline.Invoke(ResolveRequestContext ctxt)
   at Autofac.Core.Resolving.ResolveOperation.GetOrCreateInstance(ISharingLifetimeScope currentOperationScope, ResolveRequest request)
   at Autofac.Core.Resolving.ResolveOperation.ExecuteOperation(ResolveRequest request)
   at Autofac.Core.Resolving.ResolveOperation.Execute(ResolveRequest request)
   at Autofac.Core.Lifetime.LifetimeScope.ResolveComponent(ResolveRequest request)
   at Autofac.ResolutionExtensions.TryResolveService(IComponentContext context, Service service, IEnumerable`1 parameters, Object& instance)
   at Autofac.ResolutionExtensions.ResolveOptionalService(IComponentContext context, Service service, IEnumerable`1 parameters)
   at Autofac.ResolutionExtensions.ResolveOptional(IComponentContext context, Type serviceType, IEnumerable`1 parameters)
   at Autofac.ResolutionExtensions.ResolveOptional(IComponentContext context, Type serviceType)
   at Autofac.Extensions.DependencyInjection.AutofacServiceProvider.GetService(Type serviceType)
   at Microsoft.Extensions.DependencyInjection.ServiceProviderServiceExtensions.GetService[T](IServiceProvider provider)
   at Microsoft.Extensions.Hosting.Internal.Host.StartAsync(CancellationToken cancellationToken)
   at Microsoft.Extensions.Hosting.HostingAbstractionsHostExtensions.RunAsync(IHost host, CancellationToken token)
   at Microsoft.Extensions.Hosting.HostingAbstractionsHostExtensions.RunAsync(IHost host, CancellationToken token)
   at Microsoft.Extensions.Hosting.HostingAbstractionsHostExtensions.Run(IHost host)
   at DataImporter.EmailWorker.Program.Main(String[] args) in D:\ASP.Net Core(Devskill)\Asp_Dot_Net_Core\DataImporter\DataImporter.EmailWorker\Program.cs:line 43
2021-09-18 20:07:18.924 +06:00 [INF] Application Starting up
2021-09-18 20:27:56.585 +06:00 [INF] Application Starting up
2021-09-18 20:28:02.898 +06:00 [INF] Worker running at: "2021-09-18T20:28:02.8885616+06:00"
2021-09-18 23:23:45.322 +06:00 [INF] Application Starting up
2021-09-18 23:23:47.682 +06:00 [FTL] Application start-up failed
System.UnauthorizedAccessException: Access to the path 'D:\ASP.Net Core(Devskill)\Asp_Dot_Net_Core\DataImporter\DataImporter.Web\wwwroot\uploadExcel' is denied.
   at System.IO.FileStream.ValidateFileHandle(SafeFileHandle fileHandle)
   at System.IO.FileStream.CreateFileOpenHandle(FileMode mode, FileShare share, FileOptions options)
   at System.IO.FileStream..ctor(String path, FileMode mode, FileAccess access, FileShare share, Int32 bufferSize, FileOptions options)
   at System.IO.FileStream..ctor(String path, FileMode mode, FileAccess access, FileShare share)
   at System.IO.File.OpenRead(String path)
   at MimeKit.AttachmentCollection.Add(String fileName)
   at DataImporter.Common.Utilities.EmailService.SendEmail(String receiver, String subject, String body, FileInfo file) in D:\ASP.Net Core(Devskill)\Asp_Dot_Net_Core\DataImporter\DataImporter.Common\Utilities\EmailService.cs:line 40
   at DataImporter.EmailWorker.Worker.ExecuteAsync(CancellationToken stoppingToken) in D:\ASP.Net Core(Devskill)\Asp_Dot_Net_Core\DataImporter\DataImporter.EmailWorker\Worker.cs:line 39
   at Microsoft.Extensions.Hosting.Internal.Host.StartAsync(CancellationToken cancellationToken)
   at Microsoft.Extensions.Hosting.HostingAbstractionsHostExtensions.RunAsync(IHost host, CancellationToken token)
   at Microsoft.Extensions.Hosting.HostingAbstractionsHostExtensions.RunAsync(IHost host, CancellationToken token)
   at Microsoft.Extensions.Hosting.HostingAbstractionsHostExtensions.Run(IHost host)
   at DataImporter.EmailWorker.Program.Main(String[] args) in D:\ASP.Net Core(Devskill)\Asp_Dot_Net_Core\DataImporter\DataImporter.EmailWorker\Program.cs:line 44
2021-09-18 23:34:53.712 +06:00 [INF] Application Starting up
2021-09-18 23:34:54.981 +06:00 [FTL] Application start-up failed
System.UnauthorizedAccessException: Access to the path 'D:\ASP.Net Core(Devskill)\Asp_Dot_Net_Core\DataImporter\DataImporter.Web\wwwroot\uploadExcel' is denied.
   at System.IO.FileStream.ValidateFileHandle(SafeFileHandle fileHandle)
   at System.IO.FileStream.CreateFileOpenHandle(FileMode mode, FileShare share, FileOptions options)
   at System.IO.FileStream..ctor(String path, FileMode mode, FileAccess access, FileShare share, Int32 bufferSize, FileOptions options)
   at System.IO.FileStream..ctor(String path, FileMode mode, FileAccess access, FileShare share)
   at System.IO.File.OpenRead(String path)
   at MimeKit.AttachmentCollection.Add(String fileName)
   at DataImporter.Common.Utilities.EmailService.SendEmail(String receiver, String subject, String body, FileInfo file) in D:\ASP.Net Core(Devskill)\Asp_Dot_Net_Core\DataImporter\DataImporter.Common\Utilities\EmailService.cs:line 40
   at DataImporter.EmailWorker.Worker.ExecuteAsync(CancellationToken stoppingToken) in D:\ASP.Net Core(Devskill)\Asp_Dot_Net_Core\DataImporter\DataImporter.EmailWorker\Worker.cs:line 39
   at Microsoft.Extensions.Hosting.Internal.Host.StartAsync(CancellationToken cancellationToken)
   at Microsoft.Extensions.Hosting.HostingAbstractionsHostExtensions.RunAsync(IHost host, CancellationToken token)
   at Microsoft.Extensions.Hosting.HostingAbstractionsHostExtensions.RunAsync(IHost host, CancellationToken token)
   at Microsoft.Extensions.Hosting.HostingAbstractionsHostExtensions.Run(IHost host)
   at DataImporter.EmailWorker.Program.Main(String[] args) in D:\ASP.Net Core(Devskill)\Asp_Dot_Net_Core\DataImporter\DataImporter.EmailWorker\Program.cs:line 44
