2021-11-14 16:45:10.448 +06:00 [INF] Application Starting up
2021-11-14 16:45:42.882 +06:00 [FTL] Application start-up failed
System.InvalidOperationException: An error was generated for warning 'Microsoft.EntityFrameworkCore.Query.InvalidIncludePathError': Unable to find navigation 'AspNetUsers' specified in string based include path 'AspNetUsers'. This exception can be suppressed or logged by passing event ID 'CoreEventId.InvalidIncludePathError' to the 'ConfigureWarnings' method in 'DbContext.OnConfiguring' or 'AddDbContext'.
   at Microsoft.EntityFrameworkCore.Diagnostics.EventDefinition`2.Log[TLoggerCategory](IDiagnosticsLogger`1 logger, TParam1 arg1, TParam2 arg2)
   at Microsoft.EntityFrameworkCore.Diagnostics.CoreLoggerExtensions.InvalidIncludePathError(IDiagnosticsLogger`1 diagnostics, String navigationChain, String navigationName)
   at Microsoft.EntityFrameworkCore.Query.Internal.NavigationExpandingExpressionVisitor.ProcessInclude(NavigationExpansionExpression source, Expression expression, Boolean thenInclude, Boolean setLoaded)
   at Microsoft.EntityFrameworkCore.Query.Internal.NavigationExpandingExpressionVisitor.VisitMethodCall(MethodCallExpression methodCallExpression)
   at System.Linq.Expressions.MethodCallExpression.Accept(ExpressionVisitor visitor)
   at System.Linq.Expressions.ExpressionVisitor.Visit(Expression node)
   at Microsoft.EntityFrameworkCore.Query.Internal.NavigationExpandingExpressionVisitor.Expand(Expression query)
   at Microsoft.EntityFrameworkCore.Query.QueryTranslationPreprocessor.Process(Expression query)
   at Microsoft.EntityFrameworkCore.Query.RelationalQueryTranslationPreprocessor.Process(Expression query)
   at Microsoft.EntityFrameworkCore.Query.QueryCompilationContext.CreateQueryExecutor[TResult](Expression query)
   at Microsoft.EntityFrameworkCore.Storage.Database.CompileQuery[TResult](Expression query, Boolean async)
   at Microsoft.EntityFrameworkCore.Query.Internal.QueryCompiler.CompileQueryCore[TResult](IDatabase database, Expression query, IModel model, Boolean async)
   at Microsoft.EntityFrameworkCore.Query.Internal.QueryCompiler.<>c__DisplayClass9_0`1.<Execute>b__0()
   at Microsoft.EntityFrameworkCore.Query.Internal.CompiledQueryCache.GetOrAddQuery[TResult](Object cacheKey, Func`1 compiler)
   at Microsoft.EntityFrameworkCore.Query.Internal.QueryCompiler.Execute[TResult](Expression query)
   at Microsoft.EntityFrameworkCore.Query.Internal.EntityQueryProvider.Execute[TResult](Expression expression)
   at Microsoft.EntityFrameworkCore.Query.Internal.EntityQueryable`1.GetEnumerator()
   at System.Collections.Generic.List`1..ctor(IEnumerable`1 collection)
   at System.Linq.Enumerable.ToList[TSource](IEnumerable`1 source)
   at DataImporter.Data.Repository`2.Get(Expression`1 filter, String includeProperties) in D:\ASP.Net Core(Devskill)\Asp_Dot_Net_Core\DataImporter\DataImporter.Data\Repository.cs:line 88
   at DataImporter.Import.Services.EmailFileService.SendMail() in D:\ASP.Net Core(Devskill)\Asp_Dot_Net_Core\DataImporter\DataImporter.Import\Services\EmailFileService.cs:line 36
   at DataImporter.EmailWorker.Worker.ExecuteAsync(CancellationToken stoppingToken) in D:\ASP.Net Core(Devskill)\Asp_Dot_Net_Core\DataImporter\DataImporter.EmailWorker\Worker.cs:line 68
   at Microsoft.Extensions.Hosting.Internal.Host.StartAsync(CancellationToken cancellationToken)
   at Microsoft.Extensions.Hosting.HostingAbstractionsHostExtensions.RunAsync(IHost host, CancellationToken token)
   at Microsoft.Extensions.Hosting.HostingAbstractionsHostExtensions.RunAsync(IHost host, CancellationToken token)
   at Microsoft.Extensions.Hosting.HostingAbstractionsHostExtensions.Run(IHost host)
   at DataImporter.EmailWorker.Program.Main(String[] args) in D:\ASP.Net Core(Devskill)\Asp_Dot_Net_Core\DataImporter\DataImporter.EmailWorker\Program.cs:line 45
2021-11-14 16:52:57.999 +06:00 [INF] Application Starting up
2021-11-14 16:54:21.067 +06:00 [FTL] Application start-up failed
System.InvalidOperationException: An error was generated for warning 'Microsoft.EntityFrameworkCore.Query.InvalidIncludePathError': Unable to find navigation 'AspNetUsers' specified in string based include path 'AspNetUsers'. This exception can be suppressed or logged by passing event ID 'CoreEventId.InvalidIncludePathError' to the 'ConfigureWarnings' method in 'DbContext.OnConfiguring' or 'AddDbContext'.
   at Microsoft.EntityFrameworkCore.Diagnostics.EventDefinition`2.Log[TLoggerCategory](IDiagnosticsLogger`1 logger, TParam1 arg1, TParam2 arg2)
   at Microsoft.EntityFrameworkCore.Diagnostics.CoreLoggerExtensions.InvalidIncludePathError(IDiagnosticsLogger`1 diagnostics, String navigationChain, String navigationName)
   at Microsoft.EntityFrameworkCore.Query.Internal.NavigationExpandingExpressionVisitor.ProcessInclude(NavigationExpansionExpression source, Expression expression, Boolean thenInclude, Boolean setLoaded)
   at Microsoft.EntityFrameworkCore.Query.Internal.NavigationExpandingExpressionVisitor.VisitMethodCall(MethodCallExpression methodCallExpression)
   at System.Linq.Expressions.MethodCallExpression.Accept(ExpressionVisitor visitor)
   at System.Linq.Expressions.ExpressionVisitor.Visit(Expression node)
   at Microsoft.EntityFrameworkCore.Query.Internal.NavigationExpandingExpressionVisitor.Expand(Expression query)
   at Microsoft.EntityFrameworkCore.Query.QueryTranslationPreprocessor.Process(Expression query)
   at Microsoft.EntityFrameworkCore.Query.RelationalQueryTranslationPreprocessor.Process(Expression query)
   at Microsoft.EntityFrameworkCore.Query.QueryCompilationContext.CreateQueryExecutor[TResult](Expression query)
   at Microsoft.EntityFrameworkCore.Storage.Database.CompileQuery[TResult](Expression query, Boolean async)
   at Microsoft.EntityFrameworkCore.Query.Internal.QueryCompiler.CompileQueryCore[TResult](IDatabase database, Expression query, IModel model, Boolean async)
   at Microsoft.EntityFrameworkCore.Query.Internal.QueryCompiler.<>c__DisplayClass9_0`1.<Execute>b__0()
   at Microsoft.EntityFrameworkCore.Query.Internal.CompiledQueryCache.GetOrAddQuery[TResult](Object cacheKey, Func`1 compiler)
   at Microsoft.EntityFrameworkCore.Query.Internal.QueryCompiler.Execute[TResult](Expression query)
   at Microsoft.EntityFrameworkCore.Query.Internal.EntityQueryProvider.Execute[TResult](Expression expression)
   at Microsoft.EntityFrameworkCore.Query.Internal.EntityQueryable`1.GetEnumerator()
   at System.Collections.Generic.List`1..ctor(IEnumerable`1 collection)
   at System.Linq.Enumerable.ToList[TSource](IEnumerable`1 source)
   at DataImporter.Data.Repository`2.Get(Expression`1 filter, String includeProperties) in D:\ASP.Net Core(Devskill)\Asp_Dot_Net_Core\DataImporter\DataImporter.Data\Repository.cs:line 88
   at DataImporter.Import.Services.EmailFileService.SendMail() in D:\ASP.Net Core(Devskill)\Asp_Dot_Net_Core\DataImporter\DataImporter.Import\Services\EmailFileService.cs:line 36
   at DataImporter.EmailWorker.Worker.ExecuteAsync(CancellationToken stoppingToken) in D:\ASP.Net Core(Devskill)\Asp_Dot_Net_Core\DataImporter\DataImporter.EmailWorker\Worker.cs:line 68
   at Microsoft.Extensions.Hosting.Internal.Host.StartAsync(CancellationToken cancellationToken)
   at Microsoft.Extensions.Hosting.HostingAbstractionsHostExtensions.RunAsync(IHost host, CancellationToken token)
   at Microsoft.Extensions.Hosting.HostingAbstractionsHostExtensions.RunAsync(IHost host, CancellationToken token)
   at Microsoft.Extensions.Hosting.HostingAbstractionsHostExtensions.Run(IHost host)
   at DataImporter.EmailWorker.Program.Main(String[] args) in D:\ASP.Net Core(Devskill)\Asp_Dot_Net_Core\DataImporter\DataImporter.EmailWorker\Program.cs:line 45
2021-11-14 22:43:00.973 +06:00 [INF] Application Starting up
2021-11-14 22:45:03.943 +06:00 [INF] Application Starting up
