2021-10-17 18:04:32.945 +06:00 [INF] Application Starting up
2021-10-17 18:05:06.453 +06:00 [WRN] Invalid password for user.
2021-10-17 18:05:06.460 +06:00 [WRN] User failed to provide the correct password.
2021-10-17 18:05:16.338 +06:00 [INF] User logged in.
2021-10-17 19:10:08.442 +06:00 [INF] Application Starting up
2021-10-17 19:14:30.091 +06:00 [INF] User logged in.
2021-10-17 19:33:04.117 +06:00 [INF] Application Starting up
2021-10-17 19:33:25.791 +06:00 [INF] User logged in.
2021-10-17 19:33:41.466 +06:00 [INF] Application Starting up
2021-10-17 19:34:00.343 +06:00 [INF] User logged in.
2021-10-17 19:41:35.961 +06:00 [INF] Application Starting up
2021-10-17 19:42:00.824 +06:00 [INF] User logged in.
2021-10-17 19:44:40.158 +06:00 [INF] Application Starting up
2021-10-17 19:46:05.261 +06:00 [INF] User logged in.
2021-10-17 19:57:44.960 +06:00 [INF] Application Starting up
2021-10-17 19:58:07.877 +06:00 [INF] User logged in.
2021-10-17 21:24:58.784 +06:00 [INF] Application Starting up
2021-10-17 21:25:51.144 +06:00 [INF] User logged in.
2021-10-17 21:31:00.298 +06:00 [INF] Application Starting up
2021-10-17 21:31:27.127 +06:00 [INF] User logged in.
2021-10-17 21:34:16.675 +06:00 [INF] Application Starting up
2021-10-17 21:36:26.523 +06:00 [INF] User logged in.
2021-10-17 21:49:25.958 +06:00 [INF] Application Starting up
2021-10-17 21:49:51.139 +06:00 [INF] User logged in.
2021-10-17 21:50:49.390 +06:00 [INF] Application Starting up
2021-10-17 22:36:10.546 +06:00 [INF] Application Starting up
2021-10-17 22:36:33.142 +06:00 [INF] User logged in.
2021-10-17 22:42:03.151 +06:00 [INF] Application Starting up
2021-10-17 22:42:27.135 +06:00 [INF] User logged in.
2021-10-17 22:43:09.295 +06:00 [ERR] An unhandled exception has occurred while executing the request.
System.NullReferenceException: Object reference not set to an instance of an object.
   at DataImporter.Import.Services.GroupService.<>c__DisplayClass3_0.<GetDashboardInfo>b__0(ImportHistory x) in D:\ASP.Net Core(Devskill)\Asp_Dot_Net_Core\DataImporter\DataImporter.Import\Services\GroupService.cs:line 41
   at System.Linq.Enumerable.WhereListIterator`1.GetCount(Boolean onlyIfCheap)
   at System.Linq.Enumerable.Count[TSource](IEnumerable`1 source)
   at DataImporter.Import.Services.GroupService.GetDashboardInfo(Guid userId) in D:\ASP.Net Core(Devskill)\Asp_Dot_Net_Core\DataImporter\DataImporter.Import\Services\GroupService.cs:line 41
   at DataImporter.Web.Areas.Customer.Models.DashboardInfo.GetDashboardInfo(Guid userId) in D:\ASP.Net Core(Devskill)\Asp_Dot_Net_Core\DataImporter\DataImporter.Web\Areas\Customer\Models\DashboardInfo.cs:line 32
   at DataImporter.Web.Areas.User.Controllers.DashboardController.Index() in D:\ASP.Net Core(Devskill)\Asp_Dot_Net_Core\DataImporter\DataImporter.Web\Areas\Customer\Controllers\DashboardController.cs:line 25
   at lambda_method722(Closure , Object , Object[] )
   at Microsoft.AspNetCore.Mvc.Infrastructure.ActionMethodExecutor.SyncActionResultExecutor.Execute(IActionResultTypeMapper mapper, ObjectMethodExecutor executor, Object controller, Object[] arguments)
   at Microsoft.AspNetCore.Mvc.Infrastructure.ControllerActionInvoker.InvokeActionMethodAsync()
   at Microsoft.AspNetCore.Mvc.Infrastructure.ControllerActionInvoker.Next(State& next, Scope& scope, Object& state, Boolean& isCompleted)
   at Microsoft.AspNetCore.Mvc.Infrastructure.ControllerActionInvoker.InvokeNextActionFilterAsync()
--- End of stack trace from previous location ---
   at Microsoft.AspNetCore.Mvc.Infrastructure.ControllerActionInvoker.Rethrow(ActionExecutedContextSealed context)
   at Microsoft.AspNetCore.Mvc.Infrastructure.ControllerActionInvoker.Next(State& next, Scope& scope, Object& state, Boolean& isCompleted)
   at Microsoft.AspNetCore.Mvc.Infrastructure.ControllerActionInvoker.InvokeInnerFilterAsync()
--- End of stack trace from previous location ---
   at Microsoft.AspNetCore.Mvc.Infrastructure.ResourceInvoker.<InvokeNextResourceFilter>g__Awaited|24_0(ResourceInvoker invoker, Task lastTask, State next, Scope scope, Object state, Boolean isCompleted)
   at Microsoft.AspNetCore.Mvc.Infrastructure.ResourceInvoker.Rethrow(ResourceExecutedContextSealed context)
   at Microsoft.AspNetCore.Mvc.Infrastructure.ResourceInvoker.Next(State& next, Scope& scope, Object& state, Boolean& isCompleted)
   at Microsoft.AspNetCore.Mvc.Infrastructure.ResourceInvoker.InvokeFilterPipelineAsync()
--- End of stack trace from previous location ---
   at Microsoft.AspNetCore.Mvc.Infrastructure.ResourceInvoker.<InvokeAsync>g__Awaited|17_0(ResourceInvoker invoker, Task task, IDisposable scope)
   at Microsoft.AspNetCore.Routing.EndpointMiddleware.<Invoke>g__AwaitRequestTask|6_0(Endpoint endpoint, Task requestTask, ILogger logger)
   at Microsoft.AspNetCore.Session.SessionMiddleware.Invoke(HttpContext context)
   at Microsoft.AspNetCore.Session.SessionMiddleware.Invoke(HttpContext context)
   at Microsoft.AspNetCore.Authorization.Policy.AuthorizationMiddlewareResultHandler.HandleAsync(RequestDelegate next, HttpContext context, AuthorizationPolicy policy, PolicyAuthorizationResult authorizeResult)
   at Microsoft.AspNetCore.Authorization.AuthorizationMiddleware.Invoke(HttpContext context)
   at Microsoft.AspNetCore.Authentication.AuthenticationMiddleware.Invoke(HttpContext context)
   at Microsoft.AspNetCore.Diagnostics.EntityFrameworkCore.MigrationsEndPointMiddleware.Invoke(HttpContext context)
   at Microsoft.AspNetCore.Diagnostics.DeveloperExceptionPageMiddleware.Invoke(HttpContext context)
2021-10-17 22:43:15.127 +06:00 [INF] User logged in.
2021-10-17 22:43:27.409 +06:00 [INF] Application Starting up
2021-10-17 22:43:49.140 +06:00 [INF] User logged in.
2021-10-17 22:53:35.054 +06:00 [INF] Application Starting up
2021-10-17 22:54:42.571 +06:00 [INF] User logged in.
