2021-10-29 10:32:34.017 +06:00 [INF] Application Starting up
2021-10-29 10:32:50.293 +06:00 [INF] User logged in.
2021-10-29 10:42:22.972 +06:00 [INF] Application Starting up
2021-10-29 10:42:44.781 +06:00 [INF] User logged in.
2021-10-29 10:48:08.804 +06:00 [INF] Application Starting up
2021-10-29 10:48:23.611 +06:00 [INF] User logged in.
2021-10-29 11:32:40.720 +06:00 [INF] Application Starting up
2021-10-29 11:32:55.313 +06:00 [INF] User logged in.
2021-10-29 16:49:42.333 +06:00 [INF] Application Starting up
2021-10-29 16:50:01.030 +06:00 [INF] User logged in.
2021-10-29 16:59:07.588 +06:00 [INF] Application Starting up
2021-10-29 16:59:22.972 +06:00 [INF] User logged in.
2021-10-29 17:15:46.702 +06:00 [INF] Application Starting up
2021-10-29 17:16:02.762 +06:00 [INF] User logged in.
2021-10-29 19:04:22.168 +06:00 [INF] Application Starting up
2021-10-29 19:04:52.252 +06:00 [INF] User logged in.
2021-10-29 19:16:44.452 +06:00 [INF] Application Starting up
2021-10-29 19:16:58.346 +06:00 [INF] User logged in.
2021-10-29 19:27:24.263 +06:00 [INF] Application Starting up
2021-10-29 19:27:41.346 +06:00 [INF] User logged in.
2021-10-29 19:32:39.904 +06:00 [INF] Application Starting up
2021-10-29 19:32:53.515 +06:00 [INF] User logged in.
2021-10-29 19:37:03.582 +06:00 [INF] Application Starting up
2021-10-29 19:37:38.085 +06:00 [INF] User logged in.
2021-10-29 19:39:15.244 +06:00 [INF] Application Starting up
2021-10-29 20:04:09.033 +06:00 [INF] Application Starting up
2021-10-29 20:04:23.809 +06:00 [WRN] Invalid password for user.
2021-10-29 20:04:23.814 +06:00 [WRN] User failed to provide the correct password.
2021-10-29 20:04:31.121 +06:00 [INF] User logged in.
2021-10-29 20:05:16.643 +06:00 [INF] Application Starting up
2021-10-29 20:05:29.515 +06:00 [INF] User logged in.
2021-10-29 20:08:09.537 +06:00 [INF] Application Starting up
2021-10-29 20:08:22.977 +06:00 [INF] User logged in.
2021-10-29 20:09:02.713 +06:00 [INF] Application Starting up
2021-10-29 20:10:32.822 +06:00 [INF] User logged in.
2021-10-29 20:11:58.251 +06:00 [INF] Application Starting up
2021-10-29 20:12:17.721 +06:00 [INF] User logged in.
2021-10-29 22:16:48.652 +06:00 [INF] Application Starting up
2021-10-29 22:17:26.769 +06:00 [INF] Application Starting up
2021-10-29 22:17:43.825 +06:00 [INF] User logged in.
2021-10-29 22:31:14.298 +06:00 [INF] Application Starting up
2021-10-29 22:31:32.925 +06:00 [INF] User logged in.
2021-10-29 22:31:44.873 +06:00 [INF] User logged out.
2021-10-29 22:34:42.815 +06:00 [INF] Application Starting up
2021-10-29 22:34:56.701 +06:00 [INF] User logged in.
2021-10-29 22:35:10.209 +06:00 [INF] User logged out.
2021-10-29 23:00:23.712 +06:00 [INF] Application Starting up
2021-10-29 23:00:39.812 +06:00 [INF] User logged in.
2021-10-29 23:00:47.240 +06:00 [INF] User logged out.
2021-10-29 23:01:11.432 +06:00 [INF] Application Starting up
2021-10-29 23:01:28.620 +06:00 [INF] User logged in.
2021-10-29 23:01:31.525 +06:00 [INF] User logged out.
