2021-09-28 02:16:18.094 +06:00 [INF] Application Starting up
2021-09-28 02:16:36.386 +06:00 [INF] User logged in.
2021-09-28 02:28:50.592 +06:00 [INF] Application Starting up
2021-09-28 02:29:02.158 +06:00 [INF] User logged in.
2021-09-28 02:32:27.828 +06:00 [INF] Application Starting up
2021-09-28 02:32:39.682 +06:00 [INF] User logged in.
2021-09-28 02:34:15.725 +06:00 [INF] Application Starting up
2021-09-28 02:34:26.615 +06:00 [INF] User logged in.
2021-09-28 02:36:13.084 +06:00 [ERR] Create Group Failed
System.NullReferenceException: Object reference not set to an instance of an object.
   at DataImporter.Web.Areas.Customer.Models.CreateGroupModel.CreateGroup(String userId) in D:\ASP.Net Core(Devskill)\Asp_Dot_Net_Core\DataImporter\DataImporter.Web\Areas\Customer\Models\CreateGroupModel.cs:line 32
   at DataImporter.Web.Areas.User.Controllers.GroupController.Create(CreateGroupModel model) in D:\ASP.Net Core(Devskill)\Asp_Dot_Net_Core\DataImporter\DataImporter.Web\Areas\Customer\Controllers\GroupController.cs:line 55
2021-09-28 12:39:28.840 +06:00 [INF] Application Starting up
2021-09-28 12:39:42.789 +06:00 [INF] User logged in.
2021-09-28 12:41:00.401 +06:00 [INF] Application Starting up
2021-09-28 12:41:19.540 +06:00 [INF] User logged in.
2021-09-28 12:53:42.166 +06:00 [INF] Application Starting up
2021-09-28 12:53:53.174 +06:00 [INF] User logged in.
2021-09-28 12:54:17.559 +06:00 [INF] Application Starting up
2021-09-28 12:54:28.090 +06:00 [INF] User logged in.
2021-09-28 13:02:52.622 +06:00 [INF] Application Starting up
2021-09-28 13:03:47.454 +06:00 [INF] User logged in.
2021-09-28 13:05:00.949 +06:00 [INF] Application Starting up
2021-09-28 13:05:12.652 +06:00 [INF] User logged in.
2021-09-28 13:08:44.026 +06:00 [INF] Application Starting up
2021-09-28 13:08:57.226 +06:00 [INF] User logged in.
2021-09-28 14:36:43.458 +06:00 [INF] Application Starting up
2021-09-28 14:37:16.394 +06:00 [INF] User logged in.
2021-09-28 18:37:18.803 +06:00 [INF] Application Starting up
2021-09-28 18:37:31.895 +06:00 [INF] User logged in.
2021-09-28 18:38:28.873 +06:00 [INF] Application Starting up
2021-09-28 18:38:42.143 +06:00 [INF] User logged in.
2021-09-28 18:39:18.350 +06:00 [INF] Application Starting up
2021-09-28 18:39:30.468 +06:00 [INF] User logged in.
2021-09-28 18:42:31.471 +06:00 [INF] Application Starting up
2021-09-28 18:42:42.453 +06:00 [INF] User logged in.
2021-09-28 18:46:05.605 +06:00 [INF] Application Starting up
2021-09-28 18:46:18.422 +06:00 [INF] User logged in.
2021-09-28 18:47:21.535 +06:00 [INF] Application Starting up
2021-09-28 18:47:32.584 +06:00 [INF] User logged in.
2021-09-28 18:49:27.599 +06:00 [INF] Application Starting up
2021-09-28 18:49:54.806 +06:00 [INF] User logged in.
2021-09-28 18:51:53.736 +06:00 [INF] Application Starting up
2021-09-28 18:52:05.580 +06:00 [INF] User logged in.
2021-09-28 18:53:36.985 +06:00 [INF] Application Starting up
2021-09-28 18:54:05.079 +06:00 [INF] User logged in.
2021-09-28 18:56:10.907 +06:00 [INF] Application Starting up
2021-09-28 18:56:22.220 +06:00 [INF] User logged in.
2021-09-28 18:58:22.193 +06:00 [INF] Application Starting up
2021-09-28 18:58:33.894 +06:00 [INF] User logged in.
2021-09-28 19:00:36.304 +06:00 [INF] Application Starting up
2021-09-28 19:00:47.140 +06:00 [INF] User logged in.
2021-09-28 19:02:18.489 +06:00 [INF] Application Starting up
2021-09-28 19:02:30.807 +06:00 [INF] User logged in.
2021-09-28 19:03:47.428 +06:00 [INF] Application Starting up
2021-09-28 19:04:58.153 +06:00 [INF] User logged in.
2021-09-28 19:05:39.488 +06:00 [INF] Application Starting up
2021-09-28 19:05:50.789 +06:00 [INF] User logged in.
2021-09-28 19:07:34.768 +06:00 [INF] Application Starting up
2021-09-28 19:07:46.597 +06:00 [INF] User logged in.
2021-09-28 19:09:25.183 +06:00 [INF] Application Starting up
2021-09-28 19:09:37.810 +06:00 [INF] User logged in.
2021-09-28 19:12:10.641 +06:00 [INF] Application Starting up
2021-09-28 19:12:26.302 +06:00 [INF] User logged in.
2021-09-28 19:13:41.917 +06:00 [INF] Application Starting up
2021-09-28 19:13:53.881 +06:00 [INF] User logged in.
2021-09-28 19:14:42.966 +06:00 [INF] Application Starting up
2021-09-28 19:14:56.661 +06:00 [INF] User logged in.
2021-09-28 19:15:45.856 +06:00 [INF] Application Starting up
2021-09-28 19:15:57.121 +06:00 [INF] User logged in.
2021-09-28 19:16:54.947 +06:00 [INF] Application Starting up
2021-09-28 19:17:06.568 +06:00 [INF] User logged in.
2021-09-28 19:33:21.959 +06:00 [INF] Application Starting up
2021-09-28 19:33:34.810 +06:00 [INF] User logged in.
