2021-09-09 00:00:31.556 +06:00 [INF] Application Starting up
2021-09-09 00:01:06.113 +06:00 [INF] Application Starting up
2021-09-09 00:04:17.215 +06:00 [INF] Application Starting up
2021-09-09 00:07:53.334 +06:00 [INF] Application Starting up
2021-09-09 00:08:59.222 +06:00 [INF] Application Starting up
2021-09-09 00:25:12.136 +06:00 [INF] Application Starting up
2021-09-09 00:25:53.483 +06:00 [INF] Application Starting up
2021-09-09 00:26:58.844 +06:00 [INF] Application Starting up
2021-09-09 00:28:06.344 +06:00 [INF] Application Starting up
2021-09-09 00:40:49.221 +06:00 [INF] Application Starting up
2021-09-09 00:43:23.237 +06:00 [INF] Application Starting up
2021-09-09 00:43:55.866 +06:00 [INF] Application Starting up
2021-09-09 00:51:55.731 +06:00 [INF] Application Starting up
2021-09-09 00:56:29.717 +06:00 [INF] Application Starting up
2021-09-09 01:02:56.402 +06:00 [INF] Application Starting up
2021-09-09 01:03:31.528 +06:00 [INF] Application Starting up
2021-09-09 01:03:56.753 +06:00 [INF] Application Starting up
2021-09-09 01:06:07.080 +06:00 [INF] Application Starting up
2021-09-09 01:06:39.176 +06:00 [INF] Application Starting up
2021-09-09 01:07:31.154 +06:00 [INF] Application Starting up
2021-09-09 01:09:56.945 +06:00 [INF] Application Starting up
2021-09-09 01:21:36.251 +06:00 [INF] Application Starting up
2021-09-09 01:22:52.608 +06:00 [INF] Application Starting up
2021-09-09 01:27:12.898 +06:00 [INF] Application Starting up
2021-09-09 01:28:01.992 +06:00 [INF] Application Starting up
2021-09-09 01:28:45.646 +06:00 [INF] Application Starting up
2021-09-09 01:29:23.820 +06:00 [INF] Application Starting up
2021-09-09 01:33:09.866 +06:00 [INF] Application Starting up
2021-09-09 01:33:49.957 +06:00 [INF] Application Starting up
2021-09-09 01:34:07.082 +06:00 [INF] Application Starting up
2021-09-09 01:34:50.006 +06:00 [INF] Application Starting up
2021-09-09 01:39:53.395 +06:00 [INF] Application Starting up
2021-09-09 01:41:21.342 +06:00 [INF] Application Starting up
2021-09-09 01:42:00.105 +06:00 [INF] Application Starting up
2021-09-09 01:43:14.253 +06:00 [INF] Application Starting up
2021-09-09 09:19:09.827 +06:00 [INF] Application Starting up
2021-09-09 09:21:08.338 +06:00 [ERR] The view 'Index' was not found. Searched locations: ["/Areas/User/Views/Group/Index.cshtml","/Areas/User/Views/Shared/Index.cshtml","/Views/Shared/Index.cshtml","/Pages/Shared/Index.cshtml"]
2021-09-09 09:21:08.375 +06:00 [ERR] An unhandled exception has occurred while executing the request.
System.InvalidOperationException: The view 'Index' was not found. The following locations were searched:
/Areas/User/Views/Group/Index.cshtml
/Areas/User/Views/Shared/Index.cshtml
/Views/Shared/Index.cshtml
/Pages/Shared/Index.cshtml
   at Microsoft.AspNetCore.Mvc.ViewEngines.ViewEngineResult.EnsureSuccessful(IEnumerable`1 originalLocations)
   at Microsoft.AspNetCore.Mvc.ViewFeatures.ViewResultExecutor.ExecuteAsync(ActionContext context, ViewResult result)
   at Microsoft.AspNetCore.Mvc.ViewResult.ExecuteResultAsync(ActionContext context)
   at Microsoft.AspNetCore.Mvc.Infrastructure.ResourceInvoker.<InvokeNextResultFilterAsync>g__Awaited|29_0[TFilter,TFilterAsync](ResourceInvoker invoker, Task lastTask, State next, Scope scope, Object state, Boolean isCompleted)
   at Microsoft.AspNetCore.Mvc.Infrastructure.ResourceInvoker.Rethrow(ResultExecutedContextSealed context)
   at Microsoft.AspNetCore.Mvc.Infrastructure.ResourceInvoker.ResultNext[TFilter,TFilterAsync](State& next, Scope& scope, Object& state, Boolean& isCompleted)
   at Microsoft.AspNetCore.Mvc.Infrastructure.ResourceInvoker.InvokeResultFilters()
--- End of stack trace from previous location ---
   at Microsoft.AspNetCore.Mvc.Infrastructure.ResourceInvoker.<InvokeNextResourceFilter>g__Awaited|24_0(ResourceInvoker invoker, Task lastTask, State next, Scope scope, Object state, Boolean isCompleted)
   at Microsoft.AspNetCore.Mvc.Infrastructure.ResourceInvoker.Rethrow(ResourceExecutedContextSealed context)
   at Microsoft.AspNetCore.Mvc.Infrastructure.ResourceInvoker.Next(State& next, Scope& scope, Object& state, Boolean& isCompleted)
   at Microsoft.AspNetCore.Mvc.Infrastructure.ResourceInvoker.InvokeFilterPipelineAsync()
--- End of stack trace from previous location ---
   at Microsoft.AspNetCore.Mvc.Infrastructure.ResourceInvoker.<InvokeAsync>g__Awaited|17_0(ResourceInvoker invoker, Task task, IDisposable scope)
   at Microsoft.AspNetCore.Routing.EndpointMiddleware.<Invoke>g__AwaitRequestTask|6_0(Endpoint endpoint, Task requestTask, ILogger logger)
   at Microsoft.AspNetCore.Session.SessionMiddleware.Invoke(HttpContext context)
   at Microsoft.AspNetCore.Session.SessionMiddleware.Invoke(HttpContext context)
   at Microsoft.AspNetCore.Authorization.AuthorizationMiddleware.Invoke(HttpContext context)
   at Microsoft.AspNetCore.Authentication.AuthenticationMiddleware.Invoke(HttpContext context)
   at Microsoft.AspNetCore.Diagnostics.EntityFrameworkCore.MigrationsEndPointMiddleware.Invoke(HttpContext context)
   at Microsoft.AspNetCore.Diagnostics.DeveloperExceptionPageMiddleware.Invoke(HttpContext context)
2021-09-09 09:21:14.036 +06:00 [ERR] An exception occurred while calculating the database error page content. Skipping display of the database error page.
System.InvalidOperationException: StatusCode cannot be set because the response has already started.
   at Microsoft.AspNetCore.Server.IIS.Core.IISHttpContext.ThrowResponseAlreadyStartedException(String name)
   at Microsoft.AspNetCore.Server.IIS.Core.IISHttpContext.set_StatusCode(Int32 value)
   at Microsoft.AspNetCore.Diagnostics.EntityFrameworkCore.Views.DatabaseErrorPage.ExecuteAsync()
   at Microsoft.Extensions.RazorViews.BaseView.ExecuteAsync(HttpContext context)
   at Microsoft.AspNetCore.Diagnostics.EntityFrameworkCore.DatabaseDeveloperPageExceptionFilter.HandleExceptionAsync(ErrorContext errorContext, Func`2 next)
2021-09-09 09:21:29.586 +06:00 [INF] Application Starting up
2021-09-09 13:50:19.549 +06:00 [INF] Application Starting up
2021-09-09 15:20:57.528 +06:00 [INF] Application Starting up
2021-09-09 15:23:26.895 +06:00 [INF] Application Starting up
2021-09-09 16:24:04.631 +06:00 [INF] Application Starting up
2021-09-09 16:31:21.244 +06:00 [INF] Application Starting up
2021-09-09 16:55:59.515 +06:00 [INF] Application Starting up
2021-09-09 17:05:29.136 +06:00 [INF] Application Starting up
2021-09-09 21:11:58.109 +06:00 [INF] Application Starting up
2021-09-09 21:14:12.035 +06:00 [INF] Application Starting up
2021-09-09 21:15:18.897 +06:00 [INF] Application Starting up
