2021-09-30 01:50:38.283 +06:00 [INF] Application Starting up
2021-09-30 01:51:07.747 +06:00 [INF] User logged in.
2021-09-30 01:53:01.460 +06:00 [INF] Application Starting up
2021-09-30 01:53:14.264 +06:00 [INF] User logged in.
2021-09-30 01:56:21.412 +06:00 [INF] Application Starting up
2021-09-30 01:56:34.154 +06:00 [INF] User logged in.
2021-09-30 01:57:12.958 +06:00 [INF] Application Starting up
2021-09-30 01:57:24.633 +06:00 [INF] User logged in.
2021-09-30 02:05:45.607 +06:00 [ERR] An unhandled exception has occurred while executing the request.
System.Collections.Generic.KeyNotFoundException: The given key 'Id' was not present in the dictionary.
   at System.Collections.Generic.Dictionary`2.get_Item(TKey key)
   at AspNetCore.Areas_Customer_Views_Group_ViewGroupData.ExecuteAsync() in D:\ASP.Net Core(Devskill)\Asp_Dot_Net_Core\DataImporter\DataImporter.Web\Areas\Customer\Views\Group\ViewGroupData.cshtml:line 49
   at Microsoft.AspNetCore.Mvc.Razor.RazorView.RenderPageCoreAsync(IRazorPage page, ViewContext context)
   at Microsoft.AspNetCore.Mvc.Razor.RazorView.RenderPageAsync(IRazorPage page, ViewContext context, Boolean invokeViewStarts)
   at Microsoft.AspNetCore.Mvc.Razor.RazorView.RenderAsync(ViewContext context)
   at Microsoft.AspNetCore.Mvc.ViewFeatures.ViewExecutor.ExecuteAsync(ViewContext viewContext, String contentType, Nullable`1 statusCode)
   at Microsoft.AspNetCore.Mvc.ViewFeatures.ViewExecutor.ExecuteAsync(ViewContext viewContext, String contentType, Nullable`1 statusCode)
   at Microsoft.AspNetCore.Mvc.ViewFeatures.ViewExecutor.ExecuteAsync(ActionContext actionContext, IView view, ViewDataDictionary viewData, ITempDataDictionary tempData, String contentType, Nullable`1 statusCode)
   at Microsoft.AspNetCore.Mvc.ViewFeatures.ViewResultExecutor.ExecuteAsync(ActionContext context, ViewResult result)
   at Microsoft.AspNetCore.Mvc.ViewResult.ExecuteResultAsync(ActionContext context)
   at Microsoft.AspNetCore.Mvc.Infrastructure.ResourceInvoker.<InvokeNextResultFilterAsync>g__Awaited|29_0[TFilter,TFilterAsync](ResourceInvoker invoker, Task lastTask, State next, Scope scope, Object state, Boolean isCompleted)
   at Microsoft.AspNetCore.Mvc.Infrastructure.ResourceInvoker.Rethrow(ResultExecutedContextSealed context)
   at Microsoft.AspNetCore.Mvc.Infrastructure.ResourceInvoker.ResultNext[TFilter,TFilterAsync](State& next, Scope& scope, Object& state, Boolean& isCompleted)
   at Microsoft.AspNetCore.Mvc.Infrastructure.ResourceInvoker.InvokeResultFilters()
--- End of stack trace from previous location ---
   at Microsoft.AspNetCore.Mvc.Infrastructure.ResourceInvoker.<InvokeNextResourceFilter>g__Awaited|24_0(ResourceInvoker invoker, Task lastTask, State next, Scope scope, Object state, Boolean isCompleted)
   at Microsoft.AspNetCore.Mvc.Infrastructure.ResourceInvoker.Rethrow(ResourceExecutedContextSealed context)
   at Microsoft.AspNetCore.Mvc.Infrastructure.ResourceInvoker.Next(State& next, Scope& scope, Object& state, Boolean& isCompleted)
   at Microsoft.AspNetCore.Mvc.Infrastructure.ResourceInvoker.InvokeFilterPipelineAsync()
--- End of stack trace from previous location ---
   at Microsoft.AspNetCore.Mvc.Infrastructure.ResourceInvoker.<InvokeAsync>g__Awaited|17_0(ResourceInvoker invoker, Task task, IDisposable scope)
   at Microsoft.AspNetCore.Routing.EndpointMiddleware.<Invoke>g__AwaitRequestTask|6_0(Endpoint endpoint, Task requestTask, ILogger logger)
   at Microsoft.AspNetCore.Session.SessionMiddleware.Invoke(HttpContext context)
   at Microsoft.AspNetCore.Session.SessionMiddleware.Invoke(HttpContext context)
   at Microsoft.AspNetCore.Authorization.Policy.AuthorizationMiddlewareResultHandler.HandleAsync(RequestDelegate next, HttpContext context, AuthorizationPolicy policy, PolicyAuthorizationResult authorizeResult)
   at Microsoft.AspNetCore.Authorization.AuthorizationMiddleware.Invoke(HttpContext context)
   at Microsoft.AspNetCore.Authentication.AuthenticationMiddleware.Invoke(HttpContext context)
   at Microsoft.AspNetCore.Diagnostics.EntityFrameworkCore.MigrationsEndPointMiddleware.Invoke(HttpContext context)
   at Microsoft.AspNetCore.Diagnostics.DeveloperExceptionPageMiddleware.Invoke(HttpContext context)
2021-09-30 02:09:25.960 +06:00 [INF] Application Starting up
2021-09-30 02:09:37.223 +06:00 [INF] User logged in.
2021-09-30 02:20:41.092 +06:00 [INF] Application Starting up
2021-09-30 02:21:05.173 +06:00 [INF] User logged in.
2021-09-30 02:27:44.613 +06:00 [INF] Application Starting up
2021-09-30 02:27:57.039 +06:00 [INF] User logged in.
2021-09-30 02:43:34.440 +06:00 [INF] Application Starting up
2021-09-30 02:43:51.485 +06:00 [INF] User logged in.
2021-09-30 02:46:47.736 +06:00 [INF] Application Starting up
2021-09-30 02:46:59.007 +06:00 [INF] User logged in.
2021-09-30 02:48:39.549 +06:00 [INF] Application Starting up
2021-09-30 02:48:51.416 +06:00 [INF] User logged in.
2021-09-30 02:51:41.745 +06:00 [INF] Application Starting up
2021-09-30 02:51:59.497 +06:00 [INF] User logged in.
2021-09-30 11:03:37.610 +06:00 [INF] Application Starting up
2021-09-30 11:03:52.449 +06:00 [INF] User logged in.
2021-09-30 11:06:26.399 +06:00 [INF] Application Starting up
2021-09-30 11:06:48.804 +06:00 [INF] User logged in.
2021-09-30 11:09:46.585 +06:00 [INF] Application Starting up
2021-09-30 11:10:00.209 +06:00 [INF] User logged in.
2021-09-30 16:09:12.567 +06:00 [INF] Application Starting up
2021-09-30 16:17:56.672 +06:00 [INF] Application Starting up
2021-09-30 16:19:02.061 +06:00 [INF] Application Starting up
2021-09-30 16:22:37.758 +06:00 [INF] Application Starting up
2021-09-30 16:24:28.807 +06:00 [INF] Application Starting up
2021-09-30 16:25:01.767 +06:00 [INF] User created a new account with password.
2021-09-30 16:25:43.688 +06:00 [INF] User logged in.
2021-09-30 18:51:15.444 +06:00 [INF] Application Starting up
2021-09-30 18:52:05.332 +06:00 [INF] User logged in.
2021-09-30 18:52:43.721 +06:00 [ERR] Create Group Failed
Microsoft.EntityFrameworkCore.DbUpdateException: An error occurred while updating the entries. See the inner exception for details.
 ---> Microsoft.Data.SqlClient.SqlException (0x80131904): The INSERT statement conflicted with the FOREIGN KEY constraint "FK_Groups_AspNetUsers_ApplicationUserId". The conflict occurred in database "DataImporter", table "dbo.AspNetUsers", column 'Id'.
The statement has been terminated.
   at Microsoft.Data.SqlClient.SqlConnection.OnError(SqlException exception, Boolean breakConnection, Action`1 wrapCloseInAction)
   at Microsoft.Data.SqlClient.SqlInternalConnection.OnError(SqlException exception, Boolean breakConnection, Action`1 wrapCloseInAction)
   at Microsoft.Data.SqlClient.TdsParser.ThrowExceptionAndWarning(TdsParserStateObject stateObj, Boolean callerHasConnectionLock, Boolean asyncClose)
   at Microsoft.Data.SqlClient.TdsParser.TryRun(RunBehavior runBehavior, SqlCommand cmdHandler, SqlDataReader dataStream, BulkCopySimpleResultSet bulkCopyHandler, TdsParserStateObject stateObj, Boolean& dataReady)
   at Microsoft.Data.SqlClient.SqlDataReader.TryConsumeMetaData()
   at Microsoft.Data.SqlClient.SqlDataReader.get_MetaData()
   at Microsoft.Data.SqlClient.SqlCommand.FinishExecuteReader(SqlDataReader ds, RunBehavior runBehavior, String resetOptionsString, Boolean isInternal, Boolean forDescribeParameterEncryption, Boolean shouldCacheForAlwaysEncrypted)
   at Microsoft.Data.SqlClient.SqlCommand.RunExecuteReaderTds(CommandBehavior cmdBehavior, RunBehavior runBehavior, Boolean returnStream, Boolean isAsync, Int32 timeout, Task& task, Boolean asyncWrite, Boolean inRetry, SqlDataReader ds, Boolean describeParameterEncryptionRequest)
   at Microsoft.Data.SqlClient.SqlCommand.RunExecuteReader(CommandBehavior cmdBehavior, RunBehavior runBehavior, Boolean returnStream, TaskCompletionSource`1 completion, Int32 timeout, Task& task, Boolean& usedCache, Boolean asyncWrite, Boolean inRetry, String method)
   at Microsoft.Data.SqlClient.SqlCommand.RunExecuteReader(CommandBehavior cmdBehavior, RunBehavior runBehavior, Boolean returnStream, String method)
   at Microsoft.Data.SqlClient.SqlCommand.ExecuteReader(CommandBehavior behavior)
   at Microsoft.Data.SqlClient.SqlCommand.ExecuteDbDataReader(CommandBehavior behavior)
   at System.Data.Common.DbCommand.ExecuteReader()
   at Microsoft.EntityFrameworkCore.Storage.RelationalCommand.ExecuteReader(RelationalCommandParameterObject parameterObject)
   at Microsoft.EntityFrameworkCore.Update.ReaderModificationCommandBatch.Execute(IRelationalConnection connection)
ClientConnectionId:d8f93d11-fc56-4336-9098-5c3d0be0dfbe
Error Number:547,State:0,Class:16
   --- End of inner exception stack trace ---
   at Microsoft.EntityFrameworkCore.Update.ReaderModificationCommandBatch.Execute(IRelationalConnection connection)
   at Microsoft.EntityFrameworkCore.Update.Internal.BatchExecutor.Execute(IEnumerable`1 commandBatches, IRelationalConnection connection)
   at Microsoft.EntityFrameworkCore.Storage.RelationalDatabase.SaveChanges(IList`1 entries)
   at Microsoft.EntityFrameworkCore.ChangeTracking.Internal.StateManager.SaveChanges(IList`1 entriesToSave)
   at Microsoft.EntityFrameworkCore.ChangeTracking.Internal.StateManager.SaveChanges(DbContext _, Boolean acceptAllChangesOnSuccess)
   at Microsoft.EntityFrameworkCore.SqlServer.Storage.Internal.SqlServerExecutionStrategy.Execute[TState,TResult](TState state, Func`3 operation, Func`3 verifySucceeded)
   at Microsoft.EntityFrameworkCore.ChangeTracking.Internal.StateManager.SaveChanges(Boolean acceptAllChangesOnSuccess)
   at Microsoft.EntityFrameworkCore.DbContext.SaveChanges(Boolean acceptAllChangesOnSuccess)
   at Microsoft.EntityFrameworkCore.DbContext.SaveChanges()
   at DataImporter.Data.UnitOfWork.Save() in D:\ASP.Net Core(Devskill)\Asp_Dot_Net_Core\DataImporter\DataImporter.Data\UnitOfWork.cs:line 15
   at DataImporter.Import.Services.GroupService.CreateGroup(Group group, String userId) in D:\ASP.Net Core(Devskill)\Asp_Dot_Net_Core\DataImporter\DataImporter.Import\Services\GroupService.cs:line 35
   at DataImporter.Web.Areas.Customer.Models.CreateGroupModel.CreateGroup(String userId) in D:\ASP.Net Core(Devskill)\Asp_Dot_Net_Core\DataImporter\DataImporter.Web\Areas\Customer\Models\CreateGroupModel.cs:line 39
   at DataImporter.Web.Areas.User.Controllers.GroupController.Create(CreateGroupModel model) in D:\ASP.Net Core(Devskill)\Asp_Dot_Net_Core\DataImporter\DataImporter.Web\Areas\Customer\Controllers\GroupController.cs:line 56
2021-09-30 19:31:20.293 +06:00 [INF] Application Starting up
2021-09-30 19:31:35.802 +06:00 [INF] User logged in.
2021-09-30 19:32:55.257 +06:00 [INF] Application Starting up
2021-09-30 19:33:08.115 +06:00 [INF] User logged in.
2021-09-30 19:33:47.148 +06:00 [INF] Application Starting up
2021-09-30 19:34:01.249 +06:00 [INF] User logged in.
2021-09-30 19:35:06.871 +06:00 [INF] Application Starting up
2021-09-30 19:35:20.055 +06:00 [INF] User logged in.
2021-09-30 19:36:33.928 +06:00 [INF] Application Starting up
2021-09-30 19:36:47.983 +06:00 [INF] User logged in.
2021-09-30 19:42:43.435 +06:00 [INF] Application Starting up
2021-09-30 19:42:57.855 +06:00 [INF] User logged in.
2021-09-30 19:47:02.322 +06:00 [INF] Application Starting up
2021-09-30 19:47:17.965 +06:00 [INF] User logged in.
2021-09-30 19:49:09.154 +06:00 [INF] Application Starting up
2021-09-30 19:49:22.279 +06:00 [INF] User logged in.
2021-09-30 21:12:17.555 +06:00 [INF] Application Starting up
2021-09-30 21:12:54.613 +06:00 [INF] User logged in.
2021-09-30 21:14:09.375 +06:00 [INF] Application Starting up
2021-09-30 21:14:45.404 +06:00 [INF] User created a new account with password.
2021-09-30 21:41:55.919 +06:00 [INF] Application Starting up
2021-09-30 21:42:10.017 +06:00 [INF] User logged in.
