2021-10-01 16:02:13.558 +06:00 [INF] Application Starting up
2021-10-01 16:02:41.106 +06:00 [INF] User logged in.
2021-10-01 16:03:00.659 +06:00 [ERR] Create Group Failed
Microsoft.EntityFrameworkCore.DbUpdateException: An error occurred while updating the entries. See the inner exception for details.
 ---> Microsoft.Data.SqlClient.SqlException (0x80131904): The INSERT statement conflicted with the FOREIGN KEY constraint "FK_Groups_AspNetUsers_ApplicationUserId". The conflict occurred in database "DataImporter", table "dbo.AspNetUsers", column 'Id'.
The statement has been terminated.
   at Microsoft.Data.SqlClient.SqlConnection.OnError(SqlException exception, Boolean breakConnection, Action`1 wrapCloseInAction)
   at Microsoft.Data.SqlClient.SqlInternalConnection.OnError(SqlException exception, Boolean breakConnection, Action`1 wrapCloseInAction)
   at Microsoft.Data.SqlClient.TdsParser.ThrowExceptionAndWarning(TdsParserStateObject stateObj, Boolean callerHasConnectionLock, Boolean asyncClose)
   at Microsoft.Data.SqlClient.TdsParser.TryRun(RunBehavior runBehavior, SqlCommand cmdHandler, SqlDataReader dataStream, BulkCopySimpleResultSet bulkCopyHandler, TdsParserStateObject stateObj, Boolean& dataReady)
   at Microsoft.Data.SqlClient.SqlDataReader.TryConsumeMetaData()
   at Microsoft.Data.SqlClient.SqlDataReader.get_MetaData()
   at Microsoft.Data.SqlClient.SqlCommand.FinishExecuteReader(SqlDataReader ds, RunBehavior runBehavior, String resetOptionsString, Boolean isInternal, Boolean forDescribeParameterEncryption, Boolean shouldCacheForAlwaysEncrypted)
   at Microsoft.Data.SqlClient.SqlCommand.RunExecuteReaderTds(CommandBehavior cmdBehavior, RunBehavior runBehavior, Boolean returnStream, Boolean isAsync, Int32 timeout, Task& task, Boolean asyncWrite, Boolean inRetry, SqlDataReader ds, Boolean describeParameterEncryptionRequest)
   at Microsoft.Data.SqlClient.SqlCommand.RunExecuteReader(CommandBehavior cmdBehavior, RunBehavior runBehavior, Boolean returnStream, TaskCompletionSource`1 completion, Int32 timeout, Task& task, Boolean& usedCache, Boolean asyncWrite, Boolean inRetry, String method)
   at Microsoft.Data.SqlClient.SqlCommand.RunExecuteReader(CommandBehavior cmdBehavior, RunBehavior runBehavior, Boolean returnStream, String method)
   at Microsoft.Data.SqlClient.SqlCommand.ExecuteReader(CommandBehavior behavior)
   at Microsoft.Data.SqlClient.SqlCommand.ExecuteDbDataReader(CommandBehavior behavior)
   at System.Data.Common.DbCommand.ExecuteReader()
   at Microsoft.EntityFrameworkCore.Storage.RelationalCommand.ExecuteReader(RelationalCommandParameterObject parameterObject)
   at Microsoft.EntityFrameworkCore.Update.ReaderModificationCommandBatch.Execute(IRelationalConnection connection)
ClientConnectionId:c1f68f0f-a7a2-47ee-873a-b1306d582b07
Error Number:547,State:0,Class:16
   --- End of inner exception stack trace ---
   at Microsoft.EntityFrameworkCore.Update.ReaderModificationCommandBatch.Execute(IRelationalConnection connection)
   at Microsoft.EntityFrameworkCore.Update.Internal.BatchExecutor.Execute(IEnumerable`1 commandBatches, IRelationalConnection connection)
   at Microsoft.EntityFrameworkCore.Storage.RelationalDatabase.SaveChanges(IList`1 entries)
   at Microsoft.EntityFrameworkCore.ChangeTracking.Internal.StateManager.SaveChanges(IList`1 entriesToSave)
   at Microsoft.EntityFrameworkCore.ChangeTracking.Internal.StateManager.SaveChanges(DbContext _, Boolean acceptAllChangesOnSuccess)
   at Microsoft.EntityFrameworkCore.SqlServer.Storage.Internal.SqlServerExecutionStrategy.Execute[TState,TResult](TState state, Func`3 operation, Func`3 verifySucceeded)
   at Microsoft.EntityFrameworkCore.ChangeTracking.Internal.StateManager.SaveChanges(Boolean acceptAllChangesOnSuccess)
   at Microsoft.EntityFrameworkCore.DbContext.SaveChanges(Boolean acceptAllChangesOnSuccess)
   at Microsoft.EntityFrameworkCore.DbContext.SaveChanges()
   at DataImporter.Data.UnitOfWork.Save() in D:\ASP.Net Core(Devskill)\Asp_Dot_Net_Core\DataImporter\DataImporter.Data\UnitOfWork.cs:line 15
   at DataImporter.Import.Services.GroupService.CreateGroup(Group group, String userId) in D:\ASP.Net Core(Devskill)\Asp_Dot_Net_Core\DataImporter\DataImporter.Import\Services\GroupService.cs:line 35
   at DataImporter.Web.Areas.Customer.Models.CreateGroupModel.CreateGroup(String userId) in D:\ASP.Net Core(Devskill)\Asp_Dot_Net_Core\DataImporter\DataImporter.Web\Areas\Customer\Models\CreateGroupModel.cs:line 39
   at DataImporter.Web.Areas.User.Controllers.GroupController.Create(CreateGroupModel model) in D:\ASP.Net Core(Devskill)\Asp_Dot_Net_Core\DataImporter\DataImporter.Web\Areas\Customer\Controllers\GroupController.cs:line 56
2021-10-01 16:04:57.154 +06:00 [INF] Application Starting up
2021-10-01 16:49:38.437 +06:00 [INF] Application Starting up
2021-10-01 16:50:17.442 +06:00 [INF] User logged in.
2021-10-01 16:53:50.806 +06:00 [INF] Application Starting up
2021-10-01 16:54:05.600 +06:00 [WRN] Invalid password for user.
2021-10-01 16:54:05.609 +06:00 [WRN] User failed to provide the correct password.
2021-10-01 16:54:13.844 +06:00 [INF] User logged in.
2021-10-01 17:03:44.912 +06:00 [INF] Application Starting up
2021-10-01 17:04:02.787 +06:00 [INF] User logged in.
2021-10-01 17:17:25.947 +06:00 [INF] Application Starting up
2021-10-01 17:17:42.553 +06:00 [INF] User logged in.
2021-10-01 17:18:34.970 +06:00 [INF] Application Starting up
2021-10-01 17:18:55.941 +06:00 [INF] User logged in.
2021-10-01 17:37:56.992 +06:00 [INF] User logged in.
2021-10-01 17:45:36.914 +06:00 [INF] Application Starting up
2021-10-01 17:45:54.459 +06:00 [INF] User logged in.
2021-10-01 17:53:45.817 +06:00 [INF] Application Starting up
2021-10-01 17:54:07.069 +06:00 [INF] User logged in.
2021-10-01 17:57:00.490 +06:00 [INF] Application Starting up
2021-10-01 17:57:14.907 +06:00 [INF] User logged in.
2021-10-01 17:59:23.018 +06:00 [INF] Application Starting up
2021-10-01 17:59:38.876 +06:00 [INF] User logged in.
2021-10-01 18:03:17.485 +06:00 [INF] Application Starting up
2021-10-01 18:03:42.071 +06:00 [INF] User logged in.
2021-10-01 18:08:06.868 +06:00 [INF] Application Starting up
2021-10-01 18:08:23.584 +06:00 [INF] User logged in.
2021-10-01 18:17:22.385 +06:00 [INF] Application Starting up
2021-10-01 18:17:35.914 +06:00 [INF] User logged in.
2021-10-01 18:21:05.419 +06:00 [INF] Application Starting up
2021-10-01 18:21:17.161 +06:00 [INF] User logged in.
2021-10-01 18:26:22.642 +06:00 [INF] Application Starting up
2021-10-01 18:26:42.597 +06:00 [INF] User logged in.
