2021-09-21 01:12:25.870 +06:00 [INF] Application Starting up
2021-09-21 01:13:46.332 +06:00 [INF] User created a new account with password.
2021-09-21 01:25:29.371 +06:00 [INF] Application Starting up
2021-09-21 01:29:29.618 +06:00 [INF] Application Starting up
2021-09-21 01:30:44.639 +06:00 [INF] User created a new account with password.
2021-09-21 01:44:17.596 +06:00 [INF] Application Starting up
2021-09-21 01:44:32.047 +06:00 [INF] Application Starting up
2021-09-21 01:45:19.086 +06:00 [INF] User created a new account with password.
2021-09-21 02:04:37.441 +06:00 [INF] Application Starting up
2021-09-21 02:05:11.035 +06:00 [INF] User created a new account with password.
2021-09-21 02:16:19.605 +06:00 [INF] Application Starting up
2021-09-21 02:16:58.959 +06:00 [INF] User created a new account with password.
2021-09-21 02:25:46.888 +06:00 [INF] Application Starting up
2021-09-21 02:26:21.461 +06:00 [INF] User created a new account with password.
2021-09-21 02:28:19.627 +06:00 [INF] Application Starting up
2021-09-21 02:29:07.832 +06:00 [INF] User created a new account with password.
2021-09-21 02:29:39.607 +06:00 [WRN] VerifyUserTokenAsync() failed with purpose: EmailConfirmation for user.
2021-09-21 02:30:51.710 +06:00 [WRN] VerifyUserTokenAsync() failed with purpose: EmailConfirmation for user.
2021-09-21 02:30:51.731 +06:00 [WRN] VerifyUserTokenAsync() failed with purpose: EmailConfirmation for user.
2021-09-21 02:32:39.035 +06:00 [INF] Application Starting up
2021-09-21 02:33:19.227 +06:00 [INF] User created a new account with password.
2021-09-21 02:35:20.224 +06:00 [INF] Application Starting up
2021-09-21 02:36:32.953 +06:00 [INF] Application Starting up
2021-09-21 02:37:18.580 +06:00 [INF] User created a new account with password.
2021-09-21 02:37:51.541 +06:00 [WRN] VerifyUserTokenAsync() failed with purpose: EmailConfirmation for user.
2021-09-21 02:38:45.849 +06:00 [INF] Application Starting up
2021-09-21 02:40:03.477 +06:00 [INF] User created a new account with password.
2021-09-21 02:41:24.125 +06:00 [WRN] VerifyUserTokenAsync() failed with purpose: EmailConfirmation for user.
2021-09-21 03:07:12.554 +06:00 [INF] Application Starting up
2021-09-21 03:07:57.922 +06:00 [WRN] VerifyUserTokenAsync() failed with purpose: EmailConfirmation for user.
2021-09-21 12:45:44.568 +06:00 [INF] Application Starting up
2021-09-21 12:46:30.084 +06:00 [INF] User created a new account with password.
2021-09-21 12:47:04.833 +06:00 [WRN] VerifyUserTokenAsync() failed with purpose: EmailConfirmation for user.
2021-09-21 12:52:05.121 +06:00 [INF] Application Starting up
2021-09-21 12:52:37.021 +06:00 [INF] User created a new account with password.
2021-09-21 12:53:13.887 +06:00 [WRN] VerifyUserTokenAsync() failed with purpose: EmailConfirmation for user.
2021-09-21 14:31:07.227 +06:00 [INF] Application Starting up
2021-09-21 14:31:49.087 +06:00 [INF] User created a new account with password.
2021-09-21 14:32:19.063 +06:00 [WRN] VerifyUserTokenAsync() failed with purpose: EmailConfirmation for user.
2021-09-21 15:02:09.070 +06:00 [INF] Application Starting up
2021-09-21 15:03:50.979 +06:00 [INF] Application Starting up
2021-09-21 15:04:28.762 +06:00 [WRN] VerifyUserTokenAsync() failed with purpose: EmailConfirmation for user.
2021-09-21 15:11:06.620 +06:00 [INF] Application Starting up
2021-09-21 15:11:35.748 +06:00 [INF] User created a new account with password.
2021-09-21 15:12:05.210 +06:00 [WRN] VerifyUserTokenAsync() failed with purpose: EmailConfirmation for user.
2021-09-21 15:20:04.668 +06:00 [INF] Application Starting up
2021-09-21 15:20:40.479 +06:00 [INF] User created a new account with password.
2021-09-21 15:38:00.928 +06:00 [INF] Application Starting up
2021-09-21 15:38:19.825 +06:00 [INF] User logged in.
2021-09-21 15:38:36.306 +06:00 [INF] Application Starting up
2021-09-21 15:39:10.249 +06:00 [INF] User logged in.
2021-09-21 15:42:40.790 +06:00 [INF] Application Starting up
2021-09-21 16:55:39.066 +06:00 [INF] Application Starting up
2021-09-21 17:50:49.327 +06:00 [INF] Application Starting up
2021-09-21 17:51:55.457 +06:00 [INF] Application Starting up
2021-09-21 18:14:47.952 +06:00 [INF] Application Starting up
2021-09-21 18:15:51.960 +06:00 [INF] Application Starting up
2021-09-21 18:16:11.886 +06:00 [ERR] The view 'Index' was not found. Searched locations: ["/Areas/Customer/Views/Group/Index.cshtml","/Areas/Customer/Views/Shared/Index.cshtml","/Views/Shared/Index.cshtml","/Pages/Shared/Index.cshtml"]
2021-09-21 18:16:11.921 +06:00 [ERR] An unhandled exception has occurred while executing the request.
System.InvalidOperationException: The view 'Index' was not found. The following locations were searched:
/Areas/Customer/Views/Group/Index.cshtml
/Areas/Customer/Views/Shared/Index.cshtml
/Views/Shared/Index.cshtml
/Pages/Shared/Index.cshtml
   at Microsoft.AspNetCore.Mvc.ViewEngines.ViewEngineResult.EnsureSuccessful(IEnumerable`1 originalLocations)
   at Microsoft.AspNetCore.Mvc.ViewFeatures.ViewResultExecutor.ExecuteAsync(ActionContext context, ViewResult result)
   at Microsoft.AspNetCore.Mvc.ViewResult.ExecuteResultAsync(ActionContext context)
   at Microsoft.AspNetCore.Mvc.Infrastructure.ResourceInvoker.<InvokeNextResultFilterAsync>g__Awaited|29_0[TFilter,TFilterAsync](ResourceInvoker invoker, Task lastTask, State next, Scope scope, Object state, Boolean isCompleted)
   at Microsoft.AspNetCore.Mvc.Infrastructure.ResourceInvoker.Rethrow(ResultExecutedContextSealed context)
   at Microsoft.AspNetCore.Mvc.Infrastructure.ResourceInvoker.ResultNext[TFilter,TFilterAsync](State& next, Scope& scope, Object& state, Boolean& isCompleted)
   at Microsoft.AspNetCore.Mvc.Infrastructure.ResourceInvoker.InvokeResultFilters()
--- End of stack trace from previous location ---
   at Microsoft.AspNetCore.Mvc.Infrastructure.ResourceInvoker.<InvokeNextResourceFilter>g__Awaited|24_0(ResourceInvoker invoker, Task lastTask, State next, Scope scope, Object state, Boolean isCompleted)
   at Microsoft.AspNetCore.Mvc.Infrastructure.ResourceInvoker.Rethrow(ResourceExecutedContextSealed context)
   at Microsoft.AspNetCore.Mvc.Infrastructure.ResourceInvoker.Next(State& next, Scope& scope, Object& state, Boolean& isCompleted)
   at Microsoft.AspNetCore.Mvc.Infrastructure.ResourceInvoker.InvokeFilterPipelineAsync()
--- End of stack trace from previous location ---
   at Microsoft.AspNetCore.Mvc.Infrastructure.ResourceInvoker.<InvokeAsync>g__Awaited|17_0(ResourceInvoker invoker, Task task, IDisposable scope)
   at Microsoft.AspNetCore.Routing.EndpointMiddleware.<Invoke>g__AwaitRequestTask|6_0(Endpoint endpoint, Task requestTask, ILogger logger)
   at Microsoft.AspNetCore.Session.SessionMiddleware.Invoke(HttpContext context)
   at Microsoft.AspNetCore.Session.SessionMiddleware.Invoke(HttpContext context)
   at Microsoft.AspNetCore.Authorization.AuthorizationMiddleware.Invoke(HttpContext context)
   at Microsoft.AspNetCore.Authentication.AuthenticationMiddleware.Invoke(HttpContext context)
   at Microsoft.AspNetCore.Diagnostics.EntityFrameworkCore.MigrationsEndPointMiddleware.Invoke(HttpContext context)
   at Microsoft.AspNetCore.Diagnostics.DeveloperExceptionPageMiddleware.Invoke(HttpContext context)
2021-09-21 20:54:14.434 +06:00 [INF] Application Starting up
2021-09-21 20:57:42.557 +06:00 [INF] Application Starting up
2021-09-21 20:59:21.754 +06:00 [INF] Application Starting up
2021-09-21 21:05:31.992 +06:00 [INF] Application Starting up
2021-09-21 21:26:30.190 +06:00 [INF] Application Starting up
2021-09-21 21:29:26.502 +06:00 [INF] Application Starting up
2021-09-21 21:42:12.783 +06:00 [INF] Application Starting up
2021-09-21 21:44:29.751 +06:00 [INF] Application Starting up
2021-09-21 21:50:43.941 +06:00 [INF] Application Starting up
2021-09-21 21:51:08.181 +06:00 [INF] Application Starting up
2021-09-21 22:50:30.667 +06:00 [INF] Application Starting up
2021-09-21 22:52:10.636 +06:00 [INF] Application Starting up
2021-09-21 22:59:09.077 +06:00 [INF] Application Starting up
2021-09-21 22:59:45.076 +06:00 [INF] Application Starting up
