2021-10-02 01:02:53.090 +06:00 [INF] Application Starting up
2021-10-02 01:03:12.104 +06:00 [INF] User logged in.
2021-10-02 01:09:45.325 +06:00 [INF] Application Starting up
2021-10-02 01:10:00.721 +06:00 [INF] User logged in.
2021-10-02 01:14:02.912 +06:00 [INF] Application Starting up
2021-10-02 01:14:16.051 +06:00 [INF] User logged in.
2021-10-02 01:14:47.072 +06:00 [INF] Application Starting up
2021-10-02 01:15:00.748 +06:00 [INF] User logged in.
2021-10-02 11:34:50.609 +06:00 [INF] Application Starting up
2021-10-02 11:35:23.216 +06:00 [INF] User logged in.
2021-10-02 11:40:08.601 +06:00 [INF] Application Starting up
2021-10-02 11:40:23.038 +06:00 [INF] User logged in.
2021-10-02 15:01:14.339 +06:00 [INF] Application Starting up
2021-10-02 15:01:54.887 +06:00 [INF] User created a new account with password.
2021-10-02 15:02:37.240 +06:00 [INF] User logged in.
2021-10-02 15:04:56.276 +06:00 [INF] Application Starting up
2021-10-02 15:05:53.149 +06:00 [INF] User logged in.
2021-10-02 15:08:22.497 +06:00 [INF] Application Starting up
2021-10-02 15:08:57.116 +06:00 [INF] User created a new account with password.
2021-10-02 15:09:36.905 +06:00 [INF] User logged in.
2021-10-02 15:28:24.292 +06:00 [INF] Application Starting up
2021-10-02 15:28:43.635 +06:00 [WRN] Invalid password for user.
2021-10-02 15:28:43.641 +06:00 [WRN] User failed to provide the correct password.
2021-10-02 15:28:51.607 +06:00 [INF] User logged in.
2021-10-02 15:29:32.713 +06:00 [INF] Application Starting up
2021-10-02 15:29:55.551 +06:00 [INF] User logged in.
